<?xml version="1.0" encoding="UTF-8"?>
<testsuite failures="0" name="cucumber.runtime.formatter.JUnitFormatter" skipped="0" tests="3" time="71.744894">
<testcase classname="Test Background Feature" name="User Register to application India" time="18.654169">
<system-out><![CDATA[Given Open the Chrome page and run the application..........................passed
When User can view the Chrome search screen.................................passed
Then User should enter link for login.......................................passed
Given Open Chrome and start the application_India...........................passed
When User navigates to register Page for India..............................passed
Then User enters all the required details...................................passed
Then User should be able to Register successfully...........................passed
]]></system-out>
</testcase>
<testcase classname="Test Background Feature" name="User Register to application Aus" time="24.16967">
<system-out><![CDATA[Given Open the Chrome page and run the application..........................passed
When User can view the Chrome search screen.................................passed
Then User should enter link for login.......................................passed
Given Open the chrome and start the application_Aus.........................passed
When User navigates to Register Page for Aus................................passed
Then User enters the details................................................passed
Then User registration successful...........................................passed
]]></system-out>
</testcase>
<testcase classname="Test Background Feature" name="User Register to application France" time="28.921055">
<system-out><![CDATA[Given Open the Chrome page and run the application..........................passed
When User can view the Chrome search screen.................................passed
Then User should enter link for login.......................................passed
Given Open the chrome and start the application_France......................passed
When User navigates to Register Page for France.............................passed
Then User enters valid details..............................................passed
Then User successfully Registered...........................................passed
]]></system-out>
</testcase>
</testsuite>
